::1 - - [29/Jun/2026 13:03:58] "GET /test_dual_dashboard.html HTTP/1.1" 200 -
::1 - - [29/Jun/2026 13:03:58] "GET /data_monthly.json?v=1782763438269 HTTP/1.1" 200 -
::1 - - [29/Jun/2026 13:03:58] "GET /data_weekly.json?v=1782763438270 HTTP/1.1" 200 -
::1 - - [29/Jun/2026 13:03:58] "GET /data/session.json?v=1782763438270 HTTP/1.1" 200 -
::1 - - [29/Jun/2026 13:03:58] "GET /data_monthly.json?v=1782763438270 HTTP/1.1" 200 -
::1 - - [29/Jun/2026 13:03:58] "GET /data_weekly.json?v=1782763438271 HTTP/1.1" 200 -
::1 - - [29/Jun/2026 13:03:58] "GET /data/session.json?v=1782763438271 HTTP/1.1" 200 -
::1 - - [29/Jun/2026 13:03:58] code 404, message File not found
::1 - - [29/Jun/2026 13:03:58] "GET /favicon.ico HTTP/1.1" 404 -
::1 - - [29/Jun/2026 13:04:05] "GET /index.html HTTP/1.1" 200 -
::1 - - [29/Jun/2026 13:04:05] "GET /js/session-loader.js HTTP/1.1" 200 -
::1 - - [29/Jun/2026 13:04:05] "GET /data_monthly.json?v=1782763445518 HTTP/1.1" 200 -
::1 - - [29/Jun/2026 13:04:05] "GET /data_weekly.json?v=1782763445519 HTTP/1.1" 200 -
::1 - - [29/Jun/2026 13:04:05] "GET /data/session.json?v=1782763445519 HTTP/1.1" 200 -
::1 - - [29/Jun/2026 13:04:05] "GET /data/session.json?v=1782763445976 HTTP/1.1" 200 -
::1 - - [29/Jun/2026 13:04:10] "GET /aggregators.html HTTP/1.1" 200 -
::1 - - [29/Jun/2026 13:04:10] "GET /data/session.json?v=1782763450806 HTTP/1.1" 200 -
::1 - - [29/Jun/2026 13:04:12] "GET /data_weekly.json?v=1782763452864 HTTP/1.1" 200 -
::1 - - [29/Jun/2026 13:04:12] "GET /data_monthly.json?v=1782763452864 HTTP/1.1" 200 -
::1 - - [29/Jun/2026 13:04:12] "GET /data/session.json?v=1782763452864 HTTP/1.1" 200 -
::1 - - [29/Jun/2026 13:04:12] "GET /data/session.json?v=1782763452865 HTTP/1.1" 200 -
::1 - - [29/Jun/2026 13:04:14] "GET /data/session.json?v=1782763454002 HTTP/1.1" 200 -
::1 - - [29/Jun/2026 13:04:48] "GET /index.html HTTP/1.1" 304 -
::1 - - [29/Jun/2026 13:04:49] "GET /data_monthly.json?v=1782763488956 HTTP/1.1" 200 -
::1 - - [29/Jun/2026 13:04:49] "GET /data_weekly.json?v=1782763488956 HTTP/1.1" 200 -
::1 - - [29/Jun/2026 13:04:49] "GET /data/session.json?v=1782763488956 HTTP/1.1" 200 -
::1 - - [29/Jun/2026 13:04:49] "GET /data/session.json?v=1782763489275 HTTP/1.1" 200 -
::1 - - [29/Jun/2026 13:04:49] code 404, message File not found
::1 - - [29/Jun/2026 13:04:49] "GET /favicon.ico HTTP/1.1" 404 -
::1 - - [29/Jun/2026 13:04:52] "GET /index.html HTTP/1.1" 304 -
::1 - - [29/Jun/2026 13:04:52] "GET /data_monthly.json?v=1782763492644 HTTP/1.1" 200 -
::1 - - [29/Jun/2026 13:04:52] "GET /data/session.json?v=1782763492644 HTTP/1.1" 200 -
::1 - - [29/Jun/2026 13:04:52] "GET /data_weekly.json?v=1782763492644 HTTP/1.1" 200 -
::1 - - [29/Jun/2026 13:04:52] "GET /data/session.json?v=1782763492645 HTTP/1.1" 200 -
::1 - - [29/Jun/2026 13:05:10] "GET /index.html HTTP/1.1" 200 -
::1 - - [29/Jun/2026 13:05:50] "GET /debug_console.html HTTP/1.1" 200 -
::1 - - [29/Jun/2026 13:05:50] "GET /data_monthly.json?v=1782763550497 HTTP/1.1" 200 -
::1 - - [29/Jun/2026 13:05:50] "GET /data_weekly.json?v=1782763550498 HTTP/1.1" 200 -
::1 - - [29/Jun/2026 13:05:50] "GET /data/session.json?v=1782763550498 HTTP/1.1" 200 -
::1 - - [29/Jun/2026 13:07:08] "GET /prompts.html HTTP/1.1" 200 -
::1 - - [29/Jun/2026 13:07:08] "GET /js/session-loader.js HTTP/1.1" 304 -
::1 - - [29/Jun/2026 13:07:08] "GET /data/session.json?v=1782763628135 HTTP/1.1" 200 -
::1 - - [29/Jun/2026 13:07:09] "GET /index.html HTTP/1.1" 200 -
::1 - - [29/Jun/2026 13:07:09] "GET /data_monthly.json?v=1782763629519 HTTP/1.1" 200 -
::1 - - [29/Jun/2026 13:07:09] "GET /data_weekly.json?v=1782763629520 HTTP/1.1" 200 -
::1 - - [29/Jun/2026 13:07:09] "GET /data/session.json?v=1782763629521 HTTP/1.1" 200 -
::1 - - [29/Jun/2026 13:07:09] "GET /data/session.json?v=1782763629520 HTTP/1.1" 200 -
::1 - - [29/Jun/2026 13:07:09] "GET /index.html HTTP/1.1" 304 -
::1 - - [29/Jun/2026 13:07:09] "GET /data_monthly.json?v=1782763629762 HTTP/1.1" 200 -
::1 - - [29/Jun/2026 13:07:09] "GET /data_weekly.json?v=1782763629762 HTTP/1.1" 200 -
::1 - - [29/Jun/2026 13:07:09] "GET /data/session.json?v=1782763629762 HTTP/1.1" 200 -
::1 - - [29/Jun/2026 13:07:09] "GET /data/session.json?v=1782763629763 HTTP/1.1" 200 -
::1 - - [29/Jun/2026 13:07:12] "GET /index.html HTTP/1.1" 200 -
::1 - - [29/Jun/2026 13:07:12] "GET /js/session-loader.js HTTP/1.1" 200 -
::1 - - [29/Jun/2026 13:07:12] "GET /data_monthly.json?v=1782763632713 HTTP/1.1" 200 -
::1 - - [29/Jun/2026 13:07:12] "GET /data_weekly.json?v=1782763632713 HTTP/1.1" 200 -
::1 - - [29/Jun/2026 13:07:12] "GET /data/session.json?v=1782763632713 HTTP/1.1" 200 -
::1 - - [29/Jun/2026 13:07:12] "GET /data/session.json?v=1782763632743 HTTP/1.1" 200 -
::1 - - [29/Jun/2026 13:07:12] code 404, message File not found
::1 - - [29/Jun/2026 13:07:12] "GET /favicon.ico HTTP/1.1" 404 -
::1 - - [29/Jun/2026 13:08:20] "GET /maintenance.html HTTP/1.1" 200 -
::1 - - [29/Jun/2026 13:08:20] "GET /data/session.json HTTP/1.1" 200 -
::1 - - [29/Jun/2026 13:08:20] "GET /data/session.json?v=1782763700776 HTTP/1.1" 200 -
::1 - - [29/Jun/2026 13:08:28] "GET /report.html HTTP/1.1" 200 -
::1 - - [29/Jun/2026 13:08:28] "GET /data.json HTTP/1.1" 200 -
::1 - - [29/Jun/2026 13:08:28] "GET /data/session.json?v=1782763708667 HTTP/1.1" 200 -
::1 - - [29/Jun/2026 13:09:00] "GET /js/session-loader.js HTTP/1.1" 304 -
::1 - - [29/Jun/2026 13:09:00] "GET /data/session.json?v=1782763740603 HTTP/1.1" 200 -
::1 - - [29/Jun/2026 13:09:00] "GET /aggregators.html HTTP/1.1" 200 -
::1 - - [29/Jun/2026 13:09:00] "GET /js/session-loader.js HTTP/1.1" 200 -
::1 - - [29/Jun/2026 13:09:00] "GET /data/session.json?v=1782763740846 HTTP/1.1" 200 -
::1 - - [29/Jun/2026 13:09:00] code 404, message File not found
::1 - - [29/Jun/2026 13:09:00] "GET /favicon.ico HTTP/1.1" 404 -
::1 - - [29/Jun/2026 13:09:01] "GET /index.html HTTP/1.1" 200 -
::1 - - [29/Jun/2026 13:09:01] "GET /data_monthly.json?v=1782763741525 HTTP/1.1" 200 -
::1 - - [29/Jun/2026 13:09:01] "GET /data_weekly.json?v=1782763741525 HTTP/1.1" 200 -
::1 - - [29/Jun/2026 13:09:01] "GET /data/session.json?v=1782763741525 HTTP/1.1" 200 -
::1 - - [29/Jun/2026 13:09:01] "GET /data/session.json?v=1782763741526 HTTP/1.1" 200 -
::1 - - [29/Jun/2026 13:10:16] "GET /index.html HTTP/1.1" 200 -
::1 - - [29/Jun/2026 13:10:17] "GET /js/session-loader.js HTTP/1.1" 200 -
::1 - - [29/Jun/2026 13:10:17] "GET /data_monthly.json?v=1782763816977 HTTP/1.1" 200 -
::1 - - [29/Jun/2026 13:10:17] "GET /data_weekly.json?v=1782763816978 HTTP/1.1" 200 -
::1 - - [29/Jun/2026 13:10:17] "GET /data/session.json?v=1782763816978 HTTP/1.1" 200 -
::1 - - [29/Jun/2026 13:10:17] "GET /data/session.json?v=1782763817079 HTTP/1.1" 200 -
::1 - - [29/Jun/2026 13:10:17] code 404, message File not found
::1 - - [29/Jun/2026 13:10:17] "GET /favicon.ico HTTP/1.1" 404 -
::1 - - [29/Jun/2026 13:10:47] "GET /data/session.json?v=1782763847371 HTTP/1.1" 200 -
::1 - - [29/Jun/2026 13:10:55] "GET /index.html HTTP/1.1" 304 -
::1 - - [29/Jun/2026 13:10:55] "GET /data_monthly.json?v=1782763855206 HTTP/1.1" 200 -
::1 - - [29/Jun/2026 13:10:55] "GET /data_weekly.json?v=1782763855206 HTTP/1.1" 200 -
::1 - - [29/Jun/2026 13:10:55] "GET /data/session.json?v=1782763855206 HTTP/1.1" 200 -
::1 - - [29/Jun/2026 13:10:55] "GET /data/session.json?v=1782763855207 HTTP/1.1" 200 -
::1 - - [29/Jun/2026 13:11:42] "GET /data/session.json?v=1782763902090 HTTP/1.1" 200 -
::1 - - [29/Jun/2026 13:12:20] "GET /action-amplify.html HTTP/1.1" 200 -
::1 - - [29/Jun/2026 13:12:20] "GET /js/session-loader.js HTTP/1.1" 304 -
::1 - - [29/Jun/2026 13:12:20] "GET /data/session.json?v=1782763939758 HTTP/1.1" 200 -
::1 - - [29/Jun/2026 13:12:21] "GET /data.json HTTP/1.1" 304 -
::1 - - [29/Jun/2026 13:12:21] "GET /data/session.json?v=1782763940564 HTTP/1.1" 200 -
::1 - - [29/Jun/2026 13:14:29] "GET /report.html HTTP/1.1" 200 -
::1 - - [29/Jun/2026 13:14:29] "GET /js/session-loader.js HTTP/1.1" 200 -
::1 - - [29/Jun/2026 13:14:29] "GET /data.json HTTP/1.1" 200 -
::1 - - [29/Jun/2026 13:14:29] "GET /data.json HTTP/1.1" 200 -
::1 - - [29/Jun/2026 13:14:29] "GET /data/session.json?v=1782764069362 HTTP/1.1" 200 -
::1 - - [29/Jun/2026 13:14:29] code 404, message File not found
::1 - - [29/Jun/2026 13:14:29] "GET /favicon.ico HTTP/1.1" 404 -
::1 - - [29/Jun/2026 13:14:31] "GET /index.html HTTP/1.1" 200 -
::1 - - [29/Jun/2026 13:14:31] "GET /data_monthly.json?v=1782764071564 HTTP/1.1" 200 -
::1 - - [29/Jun/2026 13:14:31] "GET /data_weekly.json?v=1782764071564 HTTP/1.1" 200 -
::1 - - [29/Jun/2026 13:14:31] "GET /data/session.json?v=1782764071565 HTTP/1.1" 200 -
